#
# A fatal error has been detected by the Java Runtime Environment:
#
#  SIGSEGV (0xb) at pc=0x00007fcdc7a937b4, pid=26372, tid=0x00007fcd9b2f0700
#
# JRE version: Java(TM) SE Runtime Environment (8.0_101-b13) (build 1.8.0_101-b13)
# Java VM: Java HotSpot(TM) 64-Bit Server VM (25.101-b13 mixed mode linux-amd64 compressed oops)
# Problematic frame:
# V  [libjvm.so+0x5907b4]  frame::sender(RegisterMap*) const+0x114
#
# Failed to write core dump. Core dumps have been disabled. To enable core dumping, try "ulimit -c unlimited" before starting Java again
#
# If you would like to submit a bug report, please visit:
#   http://bugreport.java.com/bugreport/crash.jsp
#

---------------  T H R E A D  ---------------

Current thread (0x00007fcdc00c5800):  JavaThread "JDWP Transport Listener: dt_socket" daemon [_thread_in_vm, id=26389, stack(0x00007fcd9b1f0000,0x00007fcd9b2f1000)]

siginfo: si_signo: 11 (SIGSEGV), si_code: 128 (SI_KERNEL), si_addr: 0x0000000000000000

Registers:
RAX=0x9090c3c9e5894855, RBX=0x00007fcd88aa9c08, RCX=0x9090909090909090, RDX=0x00007fcd9b2eeae0
RSP=0x00007fcd9b2eea50, RBP=0x00007fcd9b2eea70, RSI=0x00007fcdb1005620, RDI=0x00007fcd9b2ef0a0
R8 =0x000000000000000b, R9 =0x0000000000000018, R10=0x000000000000000f, R11=0x00007fcdc797f200
R12=0x00007fcd9b2ef0a0, R13=0x00007fcd9b2eeae0, R14=0x00007fcd9b2ef0a0, R15=0x00007fcdc84c52b0
RIP=0x00007fcdc7a937b4, EFLAGS=0x0000000000010246, CSGSFS=0x0000000000000033, ERR=0x0000000000000000
  TRAPNO=0x000000000000000d

Top of Stack: (sp=0x00007fcd9b2eea50)
0x00007fcd9b2eea50:   00007fcd9b2ef0a0 00007fcd88aa9c08
0x00007fcd9b2eea60:   00007fcd9b2eeae0 00007fcd9b2ef0a0
0x00007fcd9b2eea70:   00007fcd9b2eead0 00007fcdc7a8f958
0x00007fcd9b2eea80:   00007fcd9b2ef0c0 00007fcdc7fba353
0x00007fcd9b2eea90:   00007fcd9b2ef0e0 00007fcdc000d000
0x00007fcd9b2eeaa0:   00007fcd9b2eeb20 00007fcd88aa9600
0x00007fcd9b2eeab0:   00007fcd88aa9608 00007fcd88aa9c00
0x00007fcd9b2eeac0:   00007fcd88aa9c08 00007fcd9b2eeae0
0x00007fcd9b2eead0:   00007fcd9b2ef100 00007fcdc7fba453
0x00007fcd9b2eeae0:   0000000000000000 0000000000000000
0x00007fcd9b2eeaf0:   00007fcdc90c9328 00007fcdc90c9328
0x00007fcd9b2eeb00:   0000000000000000 0000000000000000
0x00007fcd9b2eeb10:   0000000000000000 0000000000000000
0x00007fcd9b2eeb20:   0000000000000000 0000000000000000
0x00007fcd9b2eeb30:   00007fcdc904baa8 00007fcdc904baa8
0x00007fcd9b2eeb40:   0000000000000000 0000000000000000
0x00007fcd9b2eeb50:   0000000000000000 0000000000000000
0x00007fcd9b2eeb60:   0000000000000000 0000000000000000
0x00007fcd9b2eeb70:   0000000000000000 0000000000000000
0x00007fcd9b2eeb80:   0000000000000000 0000000000000000
0x00007fcd9b2eeb90:   0000000000000000 0000000000000000
0x00007fcd9b2eeba0:   0000000000000000 0000000000000000
0x00007fcd9b2eebb0:   0000000000000000 0000000000000000
0x00007fcd9b2eebc0:   0000000000000000 0000000000000000
0x00007fcd9b2eebd0:   0000000000000000 0000000000000000
0x00007fcd9b2eebe0:   0000000000000000 0000000000000000
0x00007fcd9b2eebf0:   0000000000000000 0000000000000000
0x00007fcd9b2eec00:   0000000000000000 0000000000000000
0x00007fcd9b2eec10:   0000000000000000 0000000000000000
0x00007fcd9b2eec20:   0000000000000000 0000000000000000
0x00007fcd9b2eec30:   0000000000000000 0000000000000000
0x00007fcd9b2eec40:   0000000000000000 0000000000000000 

Instructions: (pc=0x00007fcdc7a937b4)
0x00007fcdc7a93794:   74 3a 49 89 44 24 08 41 c7 44 24 18 01 00 00 00
0x00007fcdc7a937a4:   e9 5e ff ff ff 0f 1f 80 00 00 00 00 48 8b 43 20
0x00007fcdc7a937b4:   48 8b 78 08 48 8b 10 48 83 c0 10 49 89 04 24 49
0x00007fcdc7a937c4:   89 44 24 28 eb 9a 66 0f 1f 44 00 00 41 c7 44 24 

Register to memory mapping:

RAX=0x9090c3c9e5894855 is an unknown value
RBX=0x00007fcd88aa9c08 is an unknown value
RCX=0x9090909090909090 is an unknown value
RDX=0x00007fcd9b2eeae0 is pointing into the stack for thread: 0x00007fcdc00c5800
RSP=0x00007fcd9b2eea50 is pointing into the stack for thread: 0x00007fcdc00c5800
RBP=0x00007fcd9b2eea70 is pointing into the stack for thread: 0x00007fcdc00c5800
RSI=0x00007fcdb1005620 is pointing into interpreter code (not bytecode specific)
RDI=0x00007fcd9b2ef0a0 is pointing into the stack for thread: 0x00007fcdc00c5800
R8 =0x000000000000000b is an unknown value
R9 =0x0000000000000018 is an unknown value
R10=0x000000000000000f is an unknown value
R11=0x00007fcdc797f200: <offset 0x47c200> in /usr/lib/jvm/java-8-oracle/jre/lib/amd64/server/libjvm.so at 0x00007fcdc7503000
R12=0x00007fcd9b2ef0a0 is pointing into the stack for thread: 0x00007fcdc00c5800
R13=0x00007fcd9b2eeae0 is pointing into the stack for thread: 0x00007fcdc00c5800
R14=0x00007fcd9b2ef0a0 is pointing into the stack for thread: 0x00007fcdc00c5800
R15=0x00007fcdc84c52b0: <offset 0xfc22b0> in /usr/lib/jvm/java-8-oracle/jre/lib/amd64/server/libjvm.so at 0x00007fcdc7503000


Stack: [0x00007fcd9b1f0000,0x00007fcd9b2f1000],  sp=0x00007fcd9b2eea50,  free space=1018k
Native frames: (J=compiled Java code, j=interpreted, Vv=VM code, C=native code)
V  [libjvm.so+0x5907b4]  frame::sender(RegisterMap*) const+0x114
V  [libjvm.so+0x58c958]  frame::real_sender(RegisterMap*) const+0x18
V  [libjvm.so+0xab7453]  vframe::sender() const+0x63
V  [libjvm.so+0xab5d5a]  vframe::java_sender() const+0x2a
V  [libjvm.so+0x78d923]  JvmtiEnvBase::vframeFor(JavaThread*, int)+0x63
V  [libjvm.so+0x78eaa1]  JvmtiEnvBase::get_frame_location(JavaThread*, int, _jmethodID**, long*)+0x81
V  [libjvm.so+0x7825b4]  JvmtiEnv::GetFrameLocation(JavaThread*, int, _jmethodID**, long*)+0xc4
V  [libjvm.so+0x74447a]  jvmti_GetFrameLocation+0x2fa
C  [libjdwp.so+0xaa14]  frames+0x234
C  [libjdwp.so+0x119c6]  debugLoop_run+0x2b6
C  [libjdwp.so+0x247ff]  attachThread+0x2f
V  [libjvm.so+0x7a63e2]  JvmtiAgentThread::call_start_function()+0xc2
V  [libjvm.so+0xa7343f]  JavaThread::thread_main_inner()+0xdf
V  [libjvm.so+0xa7356c]  JavaThread::run()+0x11c
V  [libjvm.so+0x924698]  java_start(Thread*)+0x108
C  [libpthread.so.0+0x76fa]  start_thread+0xca


---------------  P R O C E S S  ---------------

Java Threads: ( => current thread )
  0x00007fcdc0340800 JavaThread "AWT-EventQueue-0" [_thread_blocked, id=26405, stack(0x00007fcd9806b000,0x00007fcd9816c000)]
  0x00007fcdc02cb800 JavaThread "AWT-Shutdown" [_thread_blocked, id=26404, stack(0x00007fcd98684000,0x00007fcd98785000)]
  0x00007fcdc026d800 JavaThread "AWT-XAWT" daemon [_thread_in_native, id=26403, stack(0x00007fcd98985000,0x00007fcd98a86000)]
  0x00007fcdc024a800 JavaThread "Java2D Disposer" daemon [_thread_blocked, id=26402, stack(0x00007fcd98e96000,0x00007fcd98f97000)]
  0x00007fcdc00d3800 JavaThread "Service Thread" daemon [_thread_blocked, id=26400, stack(0x00007fcd9abea000,0x00007fcd9aceb000)]
  0x00007fcdc00d0000 JavaThread "C1 CompilerThread2" daemon [_thread_blocked, id=26399, stack(0x00007fcd9aceb000,0x00007fcd9adec000)]
  0x00007fcdc00ce000 JavaThread "C2 CompilerThread1" daemon [_thread_blocked, id=26398, stack(0x00007fcd9adec000,0x00007fcd9aeed000)]
  0x00007fcdc00cb800 JavaThread "C2 CompilerThread0" daemon [_thread_blocked, id=26397, stack(0x00007fcd9aeed000,0x00007fcd9afee000)]
  0x00007fcd88001000 JavaThread "JDWP Command Reader" daemon [_thread_in_native, id=26393, stack(0x00007fcd9afee000,0x00007fcd9b0ef000)]
  0x00007fcdc00c9000 JavaThread "JDWP Event Helper Thread" daemon [_thread_blocked, id=26392, stack(0x00007fcd9b0ef000,0x00007fcd9b1f0000)]
=>0x00007fcdc00c5800 JavaThread "JDWP Transport Listener: dt_socket" daemon [_thread_in_vm, id=26389, stack(0x00007fcd9b1f0000,0x00007fcd9b2f1000)]
  0x00007fcdc0087000 JavaThread "Finalizer" daemon [_thread_blocked, id=26385, stack(0x00007fcd9b5f6000,0x00007fcd9b6f7000)]
  0x00007fcdc0082800 JavaThread "Reference Handler" daemon [_thread_blocked, id=26384, stack(0x00007fcd9b6f7000,0x00007fcd9b7f8000)]
  0x00007fcdc000d000 JavaThread "main" [_thread_blocked, id=26377, stack(0x00007fcdc8ff4000,0x00007fcdc90f5000)]

Other Threads:
  0x00007fcdc007b000 VMThread [stack: 0x00007fcd9b7f8000,0x00007fcd9b8f9000] [id=26383]

VM state:synchronizing (normal execution)

VM Mutex/Monitor currently owned by a thread:  ([mutex/lock_event])
[0x00007fcdc0009400] Threads_lock - owner thread: 0x00007fcdc007b000

Heap:
 PSYoungGen      total 36864K, used 10310K [0x00000000d6d80000, 0x00000000d9680000, 0x0000000100000000)
  eden space 31744K, 32% used [0x00000000d6d80000,0x00000000d7791930,0x00000000d8c80000)
  from space 5120K, 0% used [0x00000000d9180000,0x00000000d9180000,0x00000000d9680000)
  to   space 5120K, 0% used [0x00000000d8c80000,0x00000000d8c80000,0x00000000d9180000)
 ParOldGen       total 84992K, used 0K [0x0000000084800000, 0x0000000089b00000, 0x00000000d6d80000)
  object space 84992K, 0% used [0x0000000084800000,0x0000000084800000,0x0000000089b00000)
 Metaspace       used 11340K, capacity 11548K, committed 11904K, reserved 1060864K
  class space    used 1303K, capacity 1353K, committed 1408K, reserved 1048576K

Card table byte_map: [0x00007fcdc4bc3000,0x00007fcdc4fa0000] byte_map_base: 0x00007fcdc479f000

Marking Bits: (ParMarkBitMap*) 0x00007fcdc84c4120
 Begin Bits: [0x00007fcda0240000, 0x00007fcda2120000)
 End Bits:   [0x00007fcda2120000, 0x00007fcda4000000)

Polling page: 0x00007fcdc9113000

CodeCache: size=245760Kb used=2246Kb max_used=2246Kb free=243513Kb
 bounds [0x00007fcdb1000000, 0x00007fcdb1270000, 0x00007fcdc0000000]
 total_blobs=1063 nmethods=546 adapters=439
 compilation: enabled

Compilation events (10 events):
Event: 176,168 Thread 0x00007fcdc00d0000  540       3       sun.awt.X11.XBaseWindow::getWindow (5 bytes)
Event: 176,168 Thread 0x00007fcdc00d0000 nmethod 540 0x00007fcdb122f6d0 code [0x00007fcdb122f820, 0x00007fcdb122f970]
Event: 176,204 Thread 0x00007fcdc00d0000  543       3       java.security.ProtectionDomain$JavaSecurityAccessImpl::doIntersectionPrivilege (22 bytes)
Event: 176,205 Thread 0x00007fcdc00d0000 nmethod 543 0x00007fcdb1230110 code [0x00007fcdb12302e0, 0x00007fcdb12309b8]
Event: 176,205 Thread 0x00007fcdc00d0000  545       3       java.awt.Component$1::isEnabled (5 bytes)
Event: 176,205 Thread 0x00007fcdc00d0000 nmethod 545 0x00007fcdb1230d10 code [0x00007fcdb1230e80, 0x00007fcdb1231070]
Event: 176,205 Thread 0x00007fcdc00d0000  544       3       java.security.ProtectionDomain$JavaSecurityAccessImpl::getCombinedACC (30 bytes)
Event: 176,205 Thread 0x00007fcdc00d0000 nmethod 544 0x00007fcdb1231110 code [0x00007fcdb12312a0, 0x00007fcdb12317b8]
Event: 176,226 Thread 0x00007fcdc00d0000  546       3       java.awt.Component::contains (7 bytes)
Event: 176,226 Thread 0x00007fcdc00d0000 nmethod 546 0x00007fcdb1231990 code [0x00007fcdb1231b00, 0x00007fcdb1231e30]

GC Heap History (0 events):
No events

Deoptimization events (0 events):
No events

Internal exceptions (10 events):
Event: 0,157 Thread 0x00007fcdc000d000 Exception <a 'java/security/PrivilegedActionException'> (0x00000000d6e1e7e0) thrown at [/HUDSON3/workspace/8-2-build-linux-amd64/jdk8u101/7261/hotspot/src/share/vm/prims/jvm.cpp, line 1386]
Event: 0,157 Thread 0x00007fcdc000d000 Exception <a 'java/security/PrivilegedActionException'> (0x00000000d6f5c3a0) thrown at [/HUDSON3/workspace/8-2-build-linux-amd64/jdk8u101/7261/hotspot/src/share/vm/prims/jvm.cpp, line 1386]
Event: 0,158 Thread 0x00007fcdc000d000 Exception <a 'java/security/PrivilegedActionException'> (0x00000000d6f5e9c8) thrown at [/HUDSON3/workspace/8-2-build-linux-amd64/jdk8u101/7261/hotspot/src/share/vm/prims/jvm.cpp, line 1386]
Event: 0,158 Thread 0x00007fcdc000d000 Exception <a 'java/security/PrivilegedActionException'> (0x00000000d6f5edc0) thrown at [/HUDSON3/workspace/8-2-build-linux-amd64/jdk8u101/7261/hotspot/src/share/vm/prims/jvm.cpp, line 1386]
Event: 0,210 Thread 0x00007fcdc000d000 Exception <a 'java/lang/NoSuchFieldError': method resolution failed> (0x00000000d707b4c8) thrown at [/HUDSON3/workspace/8-2-build-linux-amd64/jdk8u101/7261/hotspot/src/share/vm/prims/methodHandles.cpp, line 1146]
Event: 0,214 Thread 0x00007fcdc000d000 Exception <a 'java/lang/NoSuchFieldError': method resolution failed> (0x00000000d7088c68) thrown at [/HUDSON3/workspace/8-2-build-linux-amd64/jdk8u101/7261/hotspot/src/share/vm/prims/methodHandles.cpp, line 1146]
Event: 0,240 Thread 0x00007fcdc000d000 Exception <a 'java/io/FileNotFoundException'> (0x00000000d7107170) thrown at [/HUDSON3/workspace/8-2-build-linux-amd64/jdk8u101/7261/hotspot/src/share/vm/prims/jni.cpp, line 709]
Event: 0,240 Thread 0x00007fcdc000d000 Exception <a 'java/io/FileNotFoundException'> (0x00000000d7107b20) thrown at [/HUDSON3/workspace/8-2-build-linux-amd64/jdk8u101/7261/hotspot/src/share/vm/prims/jni.cpp, line 709]
Event: 151,162 Thread 0x00007fcdc0340800 Exception <a 'java/lang/UnsupportedOperationException': > (0x00000000d7668348) thrown at [/HUDSON3/workspace/8-2-build-linux-amd64/jdk8u101/7261/hotspot/src/share/vm/prims/jni.cpp, line 735]
Event: 160,343 Thread 0x00007fcdc000d000 Exception <a 'java/lang/StackOverflowError'> (0x00000000d760b3d0) thrown at [/HUDSON3/workspace/8-2-build-linux-amd64/jdk8u101/7261/hotspot/src/share/vm/interpreter/interpreterRuntime.cpp, line 323]

Events (10 events):
Event: 159,725 loading class Percolation$Site done
Event: 176,153 loading class java/awt/event/MouseWheelEvent
Event: 176,153 loading class java/awt/event/MouseWheelEvent done
Event: 177,161 Thread 0x00007fcd5400e800 Thread added: 0x00007fcd5400e800
Event: 177,161 loading class sun/awt/X11/XSystemTrayPeer
Event: 177,161 loading class java/awt/peer/SystemTrayPeer
Event: 177,161 loading class java/awt/peer/SystemTrayPeer done
Event: 177,161 loading class sun/awt/X11/XSystemTrayPeer done
Event: 177,162 Thread 0x00007fcd5400e800 Thread exited: 0x00007fcd5400e800
Event: 177,162 Thread 0x00007fcdc00b9000 Thread exited: 0x00007fcdc00b9000


Dynamic libraries:
00400000-00401000 r-xp 00000000 fc:01 12597850                           /usr/lib/jvm/java-8-oracle/bin/java
00600000-00601000 rw-p 00000000 fc:01 12597850                           /usr/lib/jvm/java-8-oracle/bin/java
00ea5000-00ec6000 rw-p 00000000 00:00 0                                  [heap]
84800000-89b00000 rw-p 00000000 00:00 0 
89b00000-d6d80000 ---p 00000000 00:00 0 
d6d80000-d9680000 rw-p 00000000 00:00 0 
d9680000-100000000 ---p 00000000 00:00 0 
100000000-100160000 rw-p 00000000 00:00 0 
100160000-140000000 ---p 00000000 00:00 0 
7fcd4c000000-7fcd4c021000 rw-p 00000000 00:00 0 
7fcd4c021000-7fcd50000000 ---p 00000000 00:00 0 
7fcd54000000-7fcd543df000 rw-p 00000000 00:00 0 
7fcd543df000-7fcd58000000 ---p 00000000 00:00 0 
7fcd5b76e000-7fcd5b7ae000 rw-p 00000000 00:00 0 
7fcd5b7ae000-7fcd5b971000 ---p 00000000 00:00 0 
7fcd5b971000-7fcd5ba6f000 rw-p 00000000 00:00 0 
7fcd5ba6f000-7fcd5bb6f000 rw-s 00000000 00:05 22347802                   /SYSV00000000 (deleted)
7fcd5bb6f000-7fcd5bbd8000 r-xp 00000000 fc:01 12598108                   /usr/lib/jvm/java-8-oracle/jre/lib/amd64/libt2k.so
7fcd5bbd8000-7fcd5bdd8000 ---p 00069000 fc:01 12598108                   /usr/lib/jvm/java-8-oracle/jre/lib/amd64/libt2k.so
7fcd5bdd8000-7fcd5bddf000 rw-p 00069000 fc:01 12598108                   /usr/lib/jvm/java-8-oracle/jre/lib/amd64/libt2k.so
7fcd5bddf000-7fcd5bdef000 rw-p 00000000 00:00 0 
7fcd5bdef000-7fcd5be00000 r-xp 00000000 fc:01 12598077                   /usr/lib/jvm/java-8-oracle/jre/lib/amd64/libnio.so
7fcd5be00000-7fcd5bfff000 ---p 00011000 fc:01 12598077                   /usr/lib/jvm/java-8-oracle/jre/lib/amd64/libnio.so
7fcd5bfff000-7fcd5c000000 rw-p 00010000 fc:01 12598077                   /usr/lib/jvm/java-8-oracle/jre/lib/amd64/libnio.so
7fcd5c000000-7fcd5c02c000 rw-p 00000000 00:00 0 
7fcd5c02c000-7fcd60000000 ---p 00000000 00:00 0 
7fcd60000000-7fcd60021000 rw-p 00000000 00:00 0 
7fcd60021000-7fcd64000000 ---p 00000000 00:00 0 
7fcd64000000-7fcd64021000 rw-p 00000000 00:00 0 
7fcd64021000-7fcd68000000 ---p 00000000 00:00 0 
7fcd68000000-7fcd68021000 rw-p 00000000 00:00 0 
7fcd68021000-7fcd6c000000 ---p 00000000 00:00 0 
7fcd6c000000-7fcd6c206000 rw-p 00000000 00:00 0 
7fcd6c206000-7fcd70000000 ---p 00000000 00:00 0 
7fcd70000000-7fcd70021000 rw-p 00000000 00:00 0 
7fcd70021000-7fcd74000000 ---p 00000000 00:00 0 
7fcd74000000-7fcd740f3000 rw-p 00000000 00:00 0 
7fcd740f3000-7fcd78000000 ---p 00000000 00:00 0 
7fcd78000000-7fcd780cf000 rw-p 00000000 00:00 0 
7fcd780cf000-7fcd7c000000 ---p 00000000 00:00 0 
7fcd7c000000-7fcd7c021000 rw-p 00000000 00:00 0 
7fcd7c021000-7fcd80000000 ---p 00000000 00:00 0 
7fcd80000000-7fcd80021000 rw-p 00000000 00:00 0 
7fcd80021000-7fcd84000000 ---p 00000000 00:00 0 
7fcd84000000-7fcd84021000 rw-p 00000000 00:00 0 
7fcd84021000-7fcd88000000 ---p 00000000 00:00 0 
7fcd88000000-7fcd88f77000 rw-p 00000000 00:00 0 
7fcd88f77000-7fcd8c000000 ---p 00000000 00:00 0 
7fcd8c000000-7fcd8c021000 rw-p 00000000 00:00 0 
7fcd8c021000-7fcd90000000 ---p 00000000 00:00 0 
7fcd90000000-7fcd90021000 rw-p 00000000 00:00 0 
7fcd90021000-7fcd94000000 ---p 00000000 00:00 0 
7fcd94000000-7fcd94021000 rw-p 00000000 00:00 0 
7fcd94021000-7fcd98000000 ---p 00000000 00:00 0 
7fcd9806b000-7fcd9806e000 ---p 00000000 00:00 0 
7fcd9806e000-7fcd9846d000 rw-p 00000000 00:00 0 
7fcd9846d000-7fcd98483000 r-xp 00000000 fc:01 12598052                   /usr/lib/jvm/java-8-oracle/jre/lib/amd64/libnet.so
7fcd98483000-7fcd98683000 ---p 00016000 fc:01 12598052                   /usr/lib/jvm/java-8-oracle/jre/lib/amd64/libnet.so
7fcd98683000-7fcd98684000 rw-p 00016000 fc:01 12598052                   /usr/lib/jvm/java-8-oracle/jre/lib/amd64/libnet.so
7fcd98684000-7fcd98687000 ---p 00000000 00:00 0 
7fcd98687000-7fcd98985000 rw-p 00000000 00:00 0 
7fcd98985000-7fcd98988000 ---p 00000000 00:00 0 
7fcd98988000-7fcd98a86000 rw-p 00000000 00:00 0 
7fcd98a86000-7fcd98a8b000 r-xp 00000000 fc:01 12590553                   /usr/lib/x86_64-linux-gnu/libXfixes.so.3.1.0
7fcd98a8b000-7fcd98c8a000 ---p 00005000 fc:01 12590553                   /usr/lib/x86_64-linux-gnu/libXfixes.so.3.1.0
7fcd98c8a000-7fcd98c8b000 r--p 00004000 fc:01 12590553                   /usr/lib/x86_64-linux-gnu/libXfixes.so.3.1.0
7fcd98c8b000-7fcd98c8c000 rw-p 00005000 fc:01 12590553                   /usr/lib/x86_64-linux-gnu/libXfixes.so.3.1.0
7fcd98c8c000-7fcd98c95000 r-xp 00000000 fc:01 12590545                   /usr/lib/x86_64-linux-gnu/libXcursor.so.1.0.2
7fcd98c95000-7fcd98e94000 ---p 00009000 fc:01 12590545                   /usr/lib/x86_64-linux-gnu/libXcursor.so.1.0.2
7fcd98e94000-7fcd98e95000 r--p 00008000 fc:01 12590545                   /usr/lib/x86_64-linux-gnu/libXcursor.so.1.0.2
7fcd98e95000-7fcd98e96000 rw-p 00009000 fc:01 12590545                   /usr/lib/x86_64-linux-gnu/libXcursor.so.1.0.2
7fcd98e96000-7fcd98e99000 ---p 00000000 00:00 0 
7fcd98e99000-7fcd98f97000 rw-p 00000000 00:00 0 
7fcd98f97000-7fcd98fad000 r-xp 00000000 fc:01 2363860                    /lib/x86_64-linux-gnu/libgcc_s.so.1
7fcd98fad000-7fcd991ac000 ---p 00016000 fc:01 2363860                    /lib/x86_64-linux-gnu/libgcc_s.so.1
7fcd991ac000-7fcd991ad000 rw-p 00015000 fc:01 2363860                    /lib/x86_64-linux-gnu/libgcc_s.so.1
7fcd991ad000-7fcd99212000 r-xp 00000000 fc:01 12598071                   /usr/lib/jvm/java-8-oracle/jre/lib/amd64/libfontmanager.so
7fcd99212000-7fcd99411000 ---p 00065000 fc:01 12598071                   /usr/lib/jvm/java-8-oracle/jre/lib/amd64/libfontmanager.so
7fcd99411000-7fcd99416000 rw-p 00064000 fc:01 12598071                   /usr/lib/jvm/java-8-oracle/jre/lib/amd64/libfontmanager.so
7fcd99416000-7fcd99426000 rw-p 00000000 00:00 0 
7fcd99426000-7fcd9942b000 r-xp 00000000 fc:01 12590549                   /usr/lib/x86_64-linux-gnu/libXdmcp.so.6.0.0
7fcd9942b000-7fcd9962a000 ---p 00005000 fc:01 12590549                   /usr/lib/x86_64-linux-gnu/libXdmcp.so.6.0.0
7fcd9962a000-7fcd9962b000 r--p 00004000 fc:01 12590549                   /usr/lib/x86_64-linux-gnu/libXdmcp.so.6.0.0
7fcd9962b000-7fcd9962c000 rw-p 00005000 fc:01 12590549                   /usr/lib/x86_64-linux-gnu/libXdmcp.so.6.0.0
7fcd9962c000-7fcd9962e000 r-xp 00000000 fc:01 12590538                   /usr/lib/x86_64-linux-gnu/libXau.so.6.0.0
7fcd9962e000-7fcd9982e000 ---p 00002000 fc:01 12590538                   /usr/lib/x86_64-linux-gnu/libXau.so.6.0.0
7fcd9982e000-7fcd9982f000 r--p 00002000 fc:01 12590538                   /usr/lib/x86_64-linux-gnu/libXau.so.6.0.0
7fcd9982f000-7fcd99830000 rw-p 00003000 fc:01 12590538                   /usr/lib/x86_64-linux-gnu/libXau.so.6.0.0
7fcd99830000-7fcd99851000 r-xp 00000000 fc:01 12591934                   /usr/lib/x86_64-linux-gnu/libxcb.so.1.1.0
7fcd99851000-7fcd99a50000 ---p 00021000 fc:01 12591934                   /usr/lib/x86_64-linux-gnu/libxcb.so.1.1.0
7fcd99a50000-7fcd99a51000 r--p 00020000 fc:01 12591934                   /usr/lib/x86_64-linux-gnu/libxcb.so.1.1.0
7fcd99a51000-7fcd99a52000 rw-p 00021000 fc:01 12591934                   /usr/lib/x86_64-linux-gnu/libxcb.so.1.1.0
7fcd99a52000-7fcd99a61000 r-xp 00000000 fc:01 12590559                   /usr/lib/x86_64-linux-gnu/libXi.so.6.1.0
7fcd99a61000-7fcd99c60000 ---p 0000f000 fc:01 12590559                   /usr/lib/x86_64-linux-gnu/libXi.so.6.1.0
7fcd99c60000-7fcd99c61000 r--p 0000e000 fc:01 12590559                   /usr/lib/x86_64-linux-gnu/libXi.so.6.1.0
7fcd99c61000-7fcd99c62000 rw-p 0000f000 fc:01 12590559                   /usr/lib/x86_64-linux-gnu/libXi.so.6.1.0
7fcd99c62000-7fcd99c67000 r-xp 00000000 fc:01 12590577                   /usr/lib/x86_64-linux-gnu/libXtst.so.6.1.0
7fcd99c67000-7fcd99e66000 ---p 00005000 fc:01 12590577                   /usr/lib/x86_64-linux-gnu/libXtst.so.6.1.0
7fcd99e66000-7fcd99e67000 r--p 00004000 fc:01 12590577                   /usr/lib/x86_64-linux-gnu/libXtst.so.6.1.0
7fcd99e67000-7fcd99e68000 rw-p 00005000 fc:01 12590577                   /usr/lib/x86_64-linux-gnu/libXtst.so.6.1.0
7fcd99e68000-7fcd99e71000 r-xp 00000000 fc:01 12590571                   /usr/lib/x86_64-linux-gnu/libXrender.so.1.3.0
7fcd99e71000-7fcd9a070000 ---p 00009000 fc:01 12590571                   /usr/lib/x86_64-linux-gnu/libXrender.so.1.3.0
7fcd9a070000-7fcd9a071000 r--p 00008000 fc:01 12590571                   /usr/lib/x86_64-linux-gnu/libXrender.so.1.3.0
7fcd9a071000-7fcd9a072000 rw-p 00009000 fc:01 12590571                   /usr/lib/x86_64-linux-gnu/libXrender.so.1.3.0
7fcd9a072000-7fcd9a1a7000 r-xp 00000000 fc:01 12590534                   /usr/lib/x86_64-linux-gnu/libX11.so.6.3.0
7fcd9a1a7000-7fcd9a3a7000 ---p 00135000 fc:01 12590534                   /usr/lib/x86_64-linux-gnu/libX11.so.6.3.0
7fcd9a3a7000-7fcd9a3a8000 r--p 00135000 fc:01 12590534                   /usr/lib/x86_64-linux-gnu/libX11.so.6.3.0
7fcd9a3a8000-7fcd9a3ac000 rw-p 00136000 fc:01 12590534                   /usr/lib/x86_64-linux-gnu/libX11.so.6.3.0
7fcd9a3ac000-7fcd9a3bd000 r-xp 00000000 fc:01 12590551                   /usr/lib/x86_64-linux-gnu/libXext.so.6.4.0
7fcd9a3bd000-7fcd9a5bc000 ---p 00011000 fc:01 12590551                   /usr/lib/x86_64-linux-gnu/libXext.so.6.4.0
7fcd9a5bc000-7fcd9a5bd000 r--p 00010000 fc:01 12590551                   /usr/lib/x86_64-linux-gnu/libXext.so.6.4.0
7fcd9a5bd000-7fcd9a5be000 rw-p 00011000 fc:01 12590551                   /usr/lib/x86_64-linux-gnu/libXext.so.6.4.0
7fcd9a5be000-7fcd9a612000 r-xp 00000000 fc:01 12598079                   /usr/lib/jvm/java-8-oracle/jre/lib/amd64/libawt_xawt.so
7fcd9a612000-7fcd9a812000 ---p 00054000 fc:01 12598079                   /usr/lib/jvm/java-8-oracle/jre/lib/amd64/libawt_xawt.so
7fcd9a812000-7fcd9a816000 rw-p 00054000 fc:01 12598079                   /usr/lib/jvm/java-8-oracle/jre/lib/amd64/libawt_xawt.so
7fcd9a816000-7fcd9a817000 rw-p 00000000 00:00 0 
7fcd9a817000-7fcd9a8b9000 r-xp 00000000 fc:01 12598111                   /usr/lib/jvm/java-8-oracle/jre/lib/amd64/libawt.so
7fcd9a8b9000-7fcd9aab9000 ---p 000a2000 fc:01 12598111                   /usr/lib/jvm/java-8-oracle/jre/lib/amd64/libawt.so
7fcd9aab9000-7fcd9aac5000 rw-p 000a2000 fc:01 12598111                   /usr/lib/jvm/java-8-oracle/jre/lib/amd64/libawt.so
7fcd9aac5000-7fcd9aae9000 rw-p 00000000 00:00 0 
7fcd9aae9000-7fcd9aaea000 ---p 00000000 00:00 0 
7fcd9aaea000-7fcd9abea000 rw-p 00000000 00:00 0 
7fcd9abea000-7fcd9abed000 ---p 00000000 00:00 0 
7fcd9abed000-7fcd9aceb000 rw-p 00000000 00:00 0 
7fcd9aceb000-7fcd9acee000 ---p 00000000 00:00 0 
7fcd9acee000-7fcd9adec000 rw-p 00000000 00:00 0 
7fcd9adec000-7fcd9adef000 ---p 00000000 00:00 0 
7fcd9adef000-7fcd9aeed000 rw-p 00000000 00:00 0 
7fcd9aeed000-7fcd9aef0000 ---p 00000000 00:00 0 
7fcd9aef0000-7fcd9afee000 rw-p 00000000 00:00 0 
7fcd9afee000-7fcd9aff1000 ---p 00000000 00:00 0 
7fcd9aff1000-7fcd9b0ef000 rw-p 00000000 00:00 0 
7fcd9b0ef000-7fcd9b0f2000 ---p 00000000 00:00 0 
7fcd9b0f2000-7fcd9b1f0000 rw-p 00000000 00:00 0 
7fcd9b1f0000-7fcd9b1f3000 ---p 00000000 00:00 0 
7fcd9b1f3000-7fcd9b2f1000 rw-p 00000000 00:00 0 
7fcd9b2f1000-7fcd9b2f5000 r-xp 00000000 fc:01 12598093                   /usr/lib/jvm/java-8-oracle/jre/lib/amd64/libdt_socket.so
7fcd9b2f5000-7fcd9b4f4000 ---p 00004000 fc:01 12598093                   /usr/lib/jvm/java-8-oracle/jre/lib/amd64/libdt_socket.so
7fcd9b4f4000-7fcd9b4f5000 rw-p 00003000 fc:01 12598093                   /usr/lib/jvm/java-8-oracle/jre/lib/amd64/libdt_socket.so
7fcd9b4f5000-7fcd9b4f8000 ---p 00000000 00:00 0 
7fcd9b4f8000-7fcd9b5f6000 rw-p 00000000 00:00 0 
7fcd9b5f6000-7fcd9b5f9000 ---p 00000000 00:00 0 
7fcd9b5f9000-7fcd9b6f7000 rw-p 00000000 00:00 0 
7fcd9b6f7000-7fcd9b6fa000 ---p 00000000 00:00 0 
7fcd9b6fa000-7fcd9b7f8000 rw-p 00000000 00:00 0 
7fcd9b7f8000-7fcd9b7f9000 ---p 00000000 00:00 0 
7fcd9b7f9000-7fcd9c000000 rw-p 00000000 00:00 0 
7fcd9c000000-7fcd9c021000 rw-p 00000000 00:00 0 
7fcd9c021000-7fcda0000000 ---p 00000000 00:00 0 
7fcda003e000-7fcda4000000 rw-p 00000000 00:00 0 
7fcda4000000-7fcda4021000 rw-p 00000000 00:00 0 
7fcda4021000-7fcda8000000 ---p 00000000 00:00 0 
7fcda8000000-7fcda8021000 rw-p 00000000 00:00 0 
7fcda8021000-7fcdac000000 ---p 00000000 00:00 0 
7fcdac000000-7fcdac021000 rw-p 00000000 00:00 0 
7fcdac021000-7fcdb0000000 ---p 00000000 00:00 0 
7fcdb0021000-7fcdb0627000 rw-p 00000000 00:00 0 
7fcdb0627000-7fcdb0800000 r--s 03d29000 fc:01 12597898                   /usr/lib/jvm/java-8-oracle/jre/lib/rt.jar
7fcdb0800000-7fcdb1000000 rw-p 00000000 00:00 0 
7fcdb1000000-7fcdb1270000 rwxp 00000000 00:00 0 
7fcdb1270000-7fcdc0000000 ---p 00000000 00:00 0 
7fcdc0000000-7fcdc034b000 rw-p 00000000 00:00 0 
7fcdc034b000-7fcdc4000000 ---p 00000000 00:00 0 
7fcdc4007000-7fcdc452c000 rw-p 00000000 00:00 0 
7fcdc452c000-7fcdc452d000 ---p 00000000 00:00 0 
7fcdc452d000-7fcdc462d000 rw-p 00000000 00:00 0 
7fcdc462d000-7fcdc462e000 ---p 00000000 00:00 0 
7fcdc462e000-7fcdc472e000 rw-p 00000000 00:00 0 
7fcdc472e000-7fcdc472f000 ---p 00000000 00:00 0 
7fcdc472f000-7fcdc482f000 rw-p 00000000 00:00 0 
7fcdc482f000-7fcdc4830000 ---p 00000000 00:00 0 
7fcdc4830000-7fcdc495a000 rw-p 00000000 00:00 0 
7fcdc495a000-7fcdc4bc3000 ---p 00000000 00:00 0 
7fcdc4bc3000-7fcdc4bed000 rw-p 00000000 00:00 0 
7fcdc4bed000-7fcdc4e55000 ---p 00000000 00:00 0 
7fcdc4e55000-7fcdc4e6b000 rw-p 00000000 00:00 0 
7fcdc4e6b000-7fcdc4f9f000 ---p 00000000 00:00 0 
7fcdc4f9f000-7fcdc4faa000 rw-p 00000000 00:00 0 
7fcdc4faa000-7fcdc5360000 ---p 00000000 00:00 0 
7fcdc5360000-7fcdc537a000 r-xp 00000000 fc:01 12598075                   /usr/lib/jvm/java-8-oracle/jre/lib/amd64/libzip.so
7fcdc537a000-7fcdc557a000 ---p 0001a000 fc:01 12598075                   /usr/lib/jvm/java-8-oracle/jre/lib/amd64/libzip.so
7fcdc557a000-7fcdc557b000 rw-p 0001a000 fc:01 12598075                   /usr/lib/jvm/java-8-oracle/jre/lib/amd64/libzip.so
7fcdc557b000-7fcdc5586000 r-xp 00000000 fc:01 2363919                    /lib/x86_64-linux-gnu/libnss_files-2.23.so
7fcdc5586000-7fcdc5785000 ---p 0000b000 fc:01 2363919                    /lib/x86_64-linux-gnu/libnss_files-2.23.so
7fcdc5785000-7fcdc5786000 r--p 0000a000 fc:01 2363919                    /lib/x86_64-linux-gnu/libnss_files-2.23.so
7fcdc5786000-7fcdc5787000 rw-p 0000b000 fc:01 2363919                    /lib/x86_64-linux-gnu/libnss_files-2.23.so
7fcdc5787000-7fcdc578d000 rw-p 00000000 00:00 0 
7fcdc578d000-7fcdc5798000 r-xp 00000000 fc:01 2363929                    /lib/x86_64-linux-gnu/libnss_nis-2.23.so
7fcdc5798000-7fcdc5997000 ---p 0000b000 fc:01 2363929                    /lib/x86_64-linux-gnu/libnss_nis-2.23.so
7fcdc5997000-7fcdc5998000 r--p 0000a000 fc:01 2363929                    /lib/x86_64-linux-gnu/libnss_nis-2.23.so
7fcdc5998000-7fcdc5999000 rw-p 0000b000 fc:01 2363929                    /lib/x86_64-linux-gnu/libnss_nis-2.23.so
7fcdc5999000-7fcdc59af000 r-xp 00000000 fc:01 2363913                    /lib/x86_64-linux-gnu/libnsl-2.23.so
7fcdc59af000-7fcdc5bae000 ---p 00016000 fc:01 2363913                    /lib/x86_64-linux-gnu/libnsl-2.23.so
7fcdc5bae000-7fcdc5baf000 r--p 00015000 fc:01 2363913                    /lib/x86_64-linux-gnu/libnsl-2.23.so
7fcdc5baf000-7fcdc5bb0000 rw-p 00016000 fc:01 2363913                    /lib/x86_64-linux-gnu/libnsl-2.23.so
7fcdc5bb0000-7fcdc5bb2000 rw-p 00000000 00:00 0 
7fcdc5bb2000-7fcdc5bba000 r-xp 00000000 fc:01 2363915                    /lib/x86_64-linux-gnu/libnss_compat-2.23.so
7fcdc5bba000-7fcdc5db9000 ---p 00008000 fc:01 2363915                    /lib/x86_64-linux-gnu/libnss_compat-2.23.so
7fcdc5db9000-7fcdc5dba000 r--p 00007000 fc:01 2363915                    /lib/x86_64-linux-gnu/libnss_compat-2.23.so
7fcdc5dba000-7fcdc5dbb000 rw-p 00008000 fc:01 2363915                    /lib/x86_64-linux-gnu/libnss_compat-2.23.so
7fcdc5dbb000-7fcdc677a000 r--p 00000000 fc:01 12589587                   /usr/lib/locale/locale-archive
7fcdc677a000-7fcdc677c000 r-xp 00000000 fc:01 12598083                   /usr/lib/jvm/java-8-oracle/jre/lib/amd64/libnpt.so
7fcdc677c000-7fcdc697c000 ---p 00002000 fc:01 12598083                   /usr/lib/jvm/java-8-oracle/jre/lib/amd64/libnpt.so
7fcdc697c000-7fcdc697d000 rw-p 00002000 fc:01 12598083                   /usr/lib/jvm/java-8-oracle/jre/lib/amd64/libnpt.so
7fcdc697d000-7fcdc69b6000 r-xp 00000000 fc:01 12598046                   /usr/lib/jvm/java-8-oracle/jre/lib/amd64/libjdwp.so
7fcdc69b6000-7fcdc6bb5000 ---p 00039000 fc:01 12598046                   /usr/lib/jvm/java-8-oracle/jre/lib/amd64/libjdwp.so
7fcdc6bb5000-7fcdc6bb7000 rw-p 00038000 fc:01 12598046                   /usr/lib/jvm/java-8-oracle/jre/lib/amd64/libjdwp.so
7fcdc6bb7000-7fcdc6be1000 r-xp 00000000 fc:01 12598101                   /usr/lib/jvm/java-8-oracle/jre/lib/amd64/libjava.so
7fcdc6be1000-7fcdc6de1000 ---p 0002a000 fc:01 12598101                   /usr/lib/jvm/java-8-oracle/jre/lib/amd64/libjava.so
7fcdc6de1000-7fcdc6de3000 rw-p 0002a000 fc:01 12598101                   /usr/lib/jvm/java-8-oracle/jre/lib/amd64/libjava.so
7fcdc6de3000-7fcdc6df0000 r-xp 00000000 fc:01 12598053                   /usr/lib/jvm/java-8-oracle/jre/lib/amd64/libverify.so
7fcdc6df0000-7fcdc6ff0000 ---p 0000d000 fc:01 12598053                   /usr/lib/jvm/java-8-oracle/jre/lib/amd64/libverify.so
7fcdc6ff0000-7fcdc6ff2000 rw-p 0000d000 fc:01 12598053                   /usr/lib/jvm/java-8-oracle/jre/lib/amd64/libverify.so
7fcdc6ff2000-7fcdc6ff9000 r-xp 00000000 fc:01 2363974                    /lib/x86_64-linux-gnu/librt-2.23.so
7fcdc6ff9000-7fcdc71f8000 ---p 00007000 fc:01 2363974                    /lib/x86_64-linux-gnu/librt-2.23.so
7fcdc71f8000-7fcdc71f9000 r--p 00006000 fc:01 2363974                    /lib/x86_64-linux-gnu/librt-2.23.so
7fcdc71f9000-7fcdc71fa000 rw-p 00007000 fc:01 2363974                    /lib/x86_64-linux-gnu/librt-2.23.so
7fcdc71fa000-7fcdc7302000 r-xp 00000000 fc:01 2363892                    /lib/x86_64-linux-gnu/libm-2.23.so
7fcdc7302000-7fcdc7501000 ---p 00108000 fc:01 2363892                    /lib/x86_64-linux-gnu/libm-2.23.so
7fcdc7501000-7fcdc7502000 r--p 00107000 fc:01 2363892                    /lib/x86_64-linux-gnu/libm-2.23.so
7fcdc7502000-7fcdc7503000 rw-p 00108000 fc:01 2363892                    /lib/x86_64-linux-gnu/libm-2.23.so
7fcdc7503000-7fcdc81ce000 r-xp 00000000 fc:01 12598105                   /usr/lib/jvm/java-8-oracle/jre/lib/amd64/server/libjvm.so
7fcdc81ce000-7fcdc83cd000 ---p 00ccb000 fc:01 12598105                   /usr/lib/jvm/java-8-oracle/jre/lib/amd64/server/libjvm.so
7fcdc83cd000-7fcdc84a6000 rw-p 00cca000 fc:01 12598105                   /usr/lib/jvm/java-8-oracle/jre/lib/amd64/server/libjvm.so
7fcdc84a6000-7fcdc84f1000 rw-p 00000000 00:00 0 
7fcdc84f1000-7fcdc86b1000 r-xp 00000000 fc:01 2363824                    /lib/x86_64-linux-gnu/libc-2.23.so
7fcdc86b1000-7fcdc88b0000 ---p 001c0000 fc:01 2363824                    /lib/x86_64-linux-gnu/libc-2.23.so
7fcdc88b0000-7fcdc88b4000 r--p 001bf000 fc:01 2363824                    /lib/x86_64-linux-gnu/libc-2.23.so
7fcdc88b4000-7fcdc88b6000 rw-p 001c3000 fc:01 2363824                    /lib/x86_64-linux-gnu/libc-2.23.so
7fcdc88b6000-7fcdc88ba000 rw-p 00000000 00:00 0 
7fcdc88ba000-7fcdc88bd000 r-xp 00000000 fc:01 2363846                    /lib/x86_64-linux-gnu/libdl-2.23.so
7fcdc88bd000-7fcdc8abc000 ---p 00003000 fc:01 2363846                    /lib/x86_64-linux-gnu/libdl-2.23.so
7fcdc8abc000-7fcdc8abd000 r--p 00002000 fc:01 2363846                    /lib/x86_64-linux-gnu/libdl-2.23.so
7fcdc8abd000-7fcdc8abe000 rw-p 00003000 fc:01 2363846                    /lib/x86_64-linux-gnu/libdl-2.23.so
7fcdc8abe000-7fcdc8ad3000 r-xp 00000000 fc:01 12596968                   /usr/lib/jvm/java-8-oracle/lib/amd64/jli/libjli.so
7fcdc8ad3000-7fcdc8cd3000 ---p 00015000 fc:01 12596968                   /usr/lib/jvm/java-8-oracle/lib/amd64/jli/libjli.so
7fcdc8cd3000-7fcdc8cd4000 rw-p 00015000 fc:01 12596968                   /usr/lib/jvm/java-8-oracle/lib/amd64/jli/libjli.so
7fcdc8cd4000-7fcdc8cec000 r-xp 00000000 fc:01 2363966                    /lib/x86_64-linux-gnu/libpthread-2.23.so
7fcdc8cec000-7fcdc8eeb000 ---p 00018000 fc:01 2363966                    /lib/x86_64-linux-gnu/libpthread-2.23.so
7fcdc8eeb000-7fcdc8eec000 r--p 00017000 fc:01 2363966                    /lib/x86_64-linux-gnu/libpthread-2.23.so
7fcdc8eec000-7fcdc8eed000 rw-p 00018000 fc:01 2363966                    /lib/x86_64-linux-gnu/libpthread-2.23.so
7fcdc8eed000-7fcdc8ef1000 rw-p 00000000 00:00 0 
7fcdc8ef1000-7fcdc8f17000 r-xp 00000000 fc:01 2363796                    /lib/x86_64-linux-gnu/ld-2.23.so
7fcdc8f1f000-7fcdc8f29000 r--s 00116000 fc:01 12598129                   /usr/lib/jvm/java-8-oracle/jre/lib/ext/localedata.jar
7fcdc8f29000-7fcdc8ff4000 rw-p 00000000 00:00 0 
7fcdc8ff4000-7fcdc8ff5000 ---p 00000000 00:00 0 
7fcdc8ff5000-7fcdc90f9000 rw-p 00000000 00:00 0 
7fcdc90fb000-7fcdc910a000 r--s 001cb000 fc:01 1841156                    /home/eddie/workspace/algorithms/percolation/lib/algs4.jar
7fcdc910a000-7fcdc9112000 rw-s 00000000 fc:01 13113821                   /tmp/hsperfdata_eddie/26372
7fcdc9112000-7fcdc9113000 rw-p 00000000 00:00 0 
7fcdc9113000-7fcdc9114000 ---p 00000000 00:00 0 
7fcdc9114000-7fcdc9116000 rw-p 00000000 00:00 0 
7fcdc9116000-7fcdc9117000 r--p 00025000 fc:01 2363796                    /lib/x86_64-linux-gnu/ld-2.23.so
7fcdc9117000-7fcdc9118000 rw-p 00026000 fc:01 2363796                    /lib/x86_64-linux-gnu/ld-2.23.so
7fcdc9118000-7fcdc9119000 rw-p 00000000 00:00 0 
7ffeeada1000-7ffeeadc2000 rw-p 00000000 00:00 0                          [stack]
7ffeeadca000-7ffeeadcc000 r--p 00000000 00:00 0                          [vvar]
7ffeeadcc000-7ffeeadce000 r-xp 00000000 00:00 0                          [vdso]
ffffffffff600000-ffffffffff601000 r-xp 00000000 00:00 0                  [vsyscall]

VM Arguments:
jvm_args: -agentlib:jdwp=transport=dt_socket,suspend=y,address=localhost:37873 -Dfile.encoding=UTF-8 
java_command: PercolationVisualizer files/input10.txt
java_class_path (initial): /home/eddie/workspace/algorithms/percolation/bin:/home/eddie/workspace/algorithms/percolation/lib/algs4.jar
Launcher Type: SUN_STANDARD

Environment Variables:
PATH=/usr/local/sbin:/usr/local/bin:/usr/sbin:/usr/bin:/sbin:/bin:/usr/games:/usr/local/games:/snap/bin
SHELL=/bin/zsh
DISPLAY=:0

Signal Handlers:
SIGSEGV: [libjvm.so+0xac4790], sa_mask[0]=11111111011111111101111111111110, sa_flags=SA_RESTART|SA_SIGINFO
SIGBUS: [libjvm.so+0xac4790], sa_mask[0]=11111111011111111101111111111110, sa_flags=SA_RESTART|SA_SIGINFO
SIGFPE: [libjvm.so+0x91f140], sa_mask[0]=11111111011111111101111111111110, sa_flags=SA_RESTART|SA_SIGINFO
SIGPIPE: [libjvm.so+0x91f140], sa_mask[0]=11111111011111111101111111111110, sa_flags=SA_RESTART|SA_SIGINFO
SIGXFSZ: [libjvm.so+0x91f140], sa_mask[0]=11111111011111111101111111111110, sa_flags=SA_RESTART|SA_SIGINFO
SIGILL: [libjvm.so+0x91f140], sa_mask[0]=11111111011111111101111111111110, sa_flags=SA_RESTART|SA_SIGINFO
SIGUSR1: SIG_DFL, sa_mask[0]=00000000000000000000000000000000, sa_flags=none
SIGUSR2: [libjvm.so+0x920770], sa_mask[0]=00100000000000000000000000000000, sa_flags=SA_RESTART|SA_SIGINFO
SIGHUP: [libjvm.so+0x921b70], sa_mask[0]=11111111011111111101111111111110, sa_flags=SA_RESTART|SA_SIGINFO
SIGINT: [libjvm.so+0x921b70], sa_mask[0]=11111111011111111101111111111110, sa_flags=SA_RESTART|SA_SIGINFO
SIGTERM: [libjvm.so+0x921b70], sa_mask[0]=11111111011111111101111111111110, sa_flags=SA_RESTART|SA_SIGINFO
SIGQUIT: [libjvm.so+0x921b70], sa_mask[0]=11111111011111111101111111111110, sa_flags=SA_RESTART|SA_SIGINFO


---------------  S Y S T E M  ---------------

OS:DISTRIB_ID=Ubuntu
DISTRIB_RELEASE=16.04
DISTRIB_CODENAME=xenial
DISTRIB_DESCRIPTION="Ubuntu 16.04.1 LTS"

uname:Linux 4.4.0-36-generic #55-Ubuntu SMP Thu Aug 11 18:01:55 UTC 2016 x86_64
libc:glibc 2.23 NPTL 2.23 
rlimit: STACK 8192k, CORE 0k, NPROC 31237, NOFILE 65536, AS infinity
load average:0,53 0,49 0,60

/proc/meminfo:
MemTotal:        8087492 kB
MemFree:         3249068 kB
MemAvailable:    4302224 kB
Buffers:          180376 kB
Cached:          1416948 kB
SwapCached:            0 kB
Active:          3688116 kB
Inactive:         840212 kB
Active(anon):    2955184 kB
Inactive(anon):   353772 kB
Active(file):     732932 kB
Inactive(file):   486440 kB
Unevictable:         204 kB
Mlocked:             204 kB
SwapTotal:       8298492 kB
SwapFree:        8298492 kB
Dirty:               184 kB
Writeback:             0 kB
AnonPages:       2931264 kB
Mapped:           587336 kB
Shmem:            377956 kB
Slab:             156896 kB
SReclaimable:     114340 kB
SUnreclaim:        42556 kB
KernelStack:       10272 kB
PageTables:        47620 kB
NFS_Unstable:          0 kB
Bounce:                0 kB
WritebackTmp:          0 kB
CommitLimit:    12342236 kB
Committed_AS:    8425356 kB
VmallocTotal:   34359738367 kB
VmallocUsed:           0 kB
VmallocChunk:          0 kB
HardwareCorrupted:     0 kB
AnonHugePages:   1445888 kB
CmaTotal:              0 kB
CmaFree:               0 kB
HugePages_Total:       0
HugePages_Free:        0
HugePages_Rsvd:        0
HugePages_Surp:        0
Hugepagesize:       2048 kB
DirectMap4k:      203712 kB
DirectMap2M:     4952064 kB
DirectMap1G:     4194304 kB


CPU:total 4 (2 cores per cpu, 2 threads per core) family 6 model 61 stepping 4, cmov, cx8, fxsr, mmx, sse, sse2, sse3, ssse3, sse4.1, sse4.2, popcnt, avx, avx2, aes, clmul, erms, 3dnowpref, lzcnt, ht, tsc, tscinvbit, bmi1, bmi2, adx

/proc/cpuinfo:
processor	: 0
vendor_id	: GenuineIntel
cpu family	: 6
model		: 61
model name	: Intel(R) Core(TM) i7-5500U CPU @ 2.40GHz
stepping	: 4
microcode	: 0x22
cpu MHz		: 2899.968
cache size	: 4096 KB
physical id	: 0
siblings	: 4
core id		: 0
cpu cores	: 2
apicid		: 0
initial apicid	: 0
fpu		: yes
fpu_exception	: yes
cpuid level	: 20
wp		: yes
flags		: fpu vme de pse tsc msr pae mce cx8 apic sep mtrr pge mca cmov pat pse36 clflush dts acpi mmx fxsr sse sse2 ss ht tm pbe syscall nx pdpe1gb rdtscp lm constant_tsc arch_perfmon pebs bts rep_good nopl xtopology nonstop_tsc aperfmperf eagerfpu pni pclmulqdq dtes64 monitor ds_cpl vmx est tm2 ssse3 sdbg fma cx16 xtpr pdcm pcid sse4_1 sse4_2 x2apic movbe popcnt tsc_deadline_timer aes xsave avx f16c rdrand lahf_lm abm 3dnowprefetch epb intel_pt tpr_shadow vnmi flexpriority ept vpid fsgsbase tsc_adjust bmi1 avx2 smep bmi2 erms invpcid rdseed adx smap xsaveopt dtherm ida arat pln pts
bugs		:
bogomips	: 4788.90
clflush size	: 64
cache_alignment	: 64
address sizes	: 39 bits physical, 48 bits virtual
power management:

processor	: 1
vendor_id	: GenuineIntel
cpu family	: 6
model		: 61
model name	: Intel(R) Core(TM) i7-5500U CPU @ 2.40GHz
stepping	: 4
microcode	: 0x22
cpu MHz		: 2900.156
cache size	: 4096 KB
physical id	: 0
siblings	: 4
core id		: 1
cpu cores	: 2
apicid		: 2
initial apicid	: 2
fpu		: yes
fpu_exception	: yes
cpuid level	: 20
wp		: yes
flags		: fpu vme de pse tsc msr pae mce cx8 apic sep mtrr pge mca cmov pat pse36 clflush dts acpi mmx fxsr sse sse2 ss ht tm pbe syscall nx pdpe1gb rdtscp lm constant_tsc arch_perfmon pebs bts rep_good nopl xtopology nonstop_tsc aperfmperf eagerfpu pni pclmulqdq dtes64 monitor ds_cpl vmx est tm2 ssse3 sdbg fma cx16 xtpr pdcm pcid sse4_1 sse4_2 x2apic movbe popcnt tsc_deadline_timer aes xsave avx f16c rdrand lahf_lm abm 3dnowprefetch epb intel_pt tpr_shadow vnmi flexpriority ept vpid fsgsbase tsc_adjust bmi1 avx2 smep bmi2 erms invpcid rdseed adx smap xsaveopt dtherm ida arat pln pts
bugs		:
bogomips	: 4788.90
clflush size	: 64
cache_alignment	: 64
address sizes	: 39 bits physical, 48 bits virtual
power management:

processor	: 2
vendor_id	: GenuineIntel
cpu family	: 6
model		: 61
model name	: Intel(R) Core(TM) i7-5500U CPU @ 2.40GHz
stepping	: 4
microcode	: 0x22
cpu MHz		: 2899.968
cache size	: 4096 KB
physical id	: 0
siblings	: 4
core id		: 0
cpu cores	: 2
apicid		: 1
initial apicid	: 1
fpu		: yes
fpu_exception	: yes
cpuid level	: 20
wp		: yes
flags		: fpu vme de pse tsc msr pae mce cx8 apic sep mtrr pge mca cmov pat pse36 clflush dts acpi mmx fxsr sse sse2 ss ht tm pbe syscall nx pdpe1gb rdtscp lm constant_tsc arch_perfmon pebs bts rep_good nopl xtopology nonstop_tsc aperfmperf eagerfpu pni pclmulqdq dtes64 monitor ds_cpl vmx est tm2 ssse3 sdbg fma cx16 xtpr pdcm pcid sse4_1 sse4_2 x2apic movbe popcnt tsc_deadline_timer aes xsave avx f16c rdrand lahf_lm abm 3dnowprefetch epb intel_pt tpr_shadow vnmi flexpriority ept vpid fsgsbase tsc_adjust bmi1 avx2 smep bmi2 erms invpcid rdseed adx smap xsaveopt dtherm ida arat pln pts
bugs		:
bogomips	: 4788.90
clflush size	: 64
cache_alignment	: 64
address sizes	: 39 bits physical, 48 bits virtual
power management:

processor	: 3
vendor_id	: GenuineIntel
cpu family	: 6
model		: 61
model name	: Intel(R) Core(TM) i7-5500U CPU @ 2.40GHz
stepping	: 4
microcode	: 0x22
cpu MHz		: 2899.312
cache size	: 4096 KB
physical id	: 0
siblings	: 4
core id		: 1
cpu cores	: 2
apicid		: 3
initial apicid	: 3
fpu		: yes
fpu_exception	: yes
cpuid level	: 20
wp		: yes
flags		: fpu vme de pse tsc msr pae mce cx8 apic sep mtrr pge mca cmov pat pse36 clflush dts acpi mmx fxsr sse sse2 ss ht tm pbe syscall nx pdpe1gb rdtscp lm constant_tsc arch_perfmon pebs bts rep_good nopl xtopology nonstop_tsc aperfmperf eagerfpu pni pclmulqdq dtes64 monitor ds_cpl vmx est tm2 ssse3 sdbg fma cx16 xtpr pdcm pcid sse4_1 sse4_2 x2apic movbe popcnt tsc_deadline_timer aes xsave avx f16c rdrand lahf_lm abm 3dnowprefetch epb intel_pt tpr_shadow vnmi flexpriority ept vpid fsgsbase tsc_adjust bmi1 avx2 smep bmi2 erms invpcid rdseed adx smap xsaveopt dtherm ida arat pln pts
bugs		:
bogomips	: 4788.90
clflush size	: 64
cache_alignment	: 64
address sizes	: 39 bits physical, 48 bits virtual
power management:



Memory: 4k page, physical 8087492k(3249068k free), swap 8298492k(8298492k free)

vm_info: Java HotSpot(TM) 64-Bit Server VM (25.101-b13) for linux-amd64 JRE (1.8.0_101-b13), built on Jun 22 2016 02:59:44 by "java_re" with gcc 4.3.0 20080428 (Red Hat 4.3.0-8)

time: Thu Sep  8 00:34:37 2016
elapsed time: 177 seconds (0d 0h 2m 57s)

